{"timestamp": "2025-06-30T07:09:30.181153", "level": "ERROR", "logger": "src.middleware.error_handler", "message": "Unexpected error: 'HTTPException' object is not callable", "module": "error_handler", "function": "error_handler_middleware", "line": 116, "exception": {"type": "TypeError", "message": "'HTTPException' object is not callable", "traceback": ["Traceback (most recent call last):\n", "  File \"/Users/jimmylam/Documents/security/codebase_scanner/backend/venv/lib/python3.13/site-packages/starlette/_exception_handler.py\", line 42, in wrapped_app\n    await app(scope, receive, sender)\n", "  File \"/Users/jimmylam/Documents/security/codebase_scanner/backend/venv/lib/python3.13/site-packages/starlette/routing.py\", line 714, in __call__\n    await self.middleware_stack(scope, receive, send)\n", "  File \"/Users/jimmylam/Documents/security/codebase_scanner/backend/venv/lib/python3.13/site-packages/starlette/routing.py\", line 764, in app\n    await self.default(scope, receive, send)\n", "  File \"/Users/jimmylam/Documents/security/codebase_scanner/backend/venv/lib/python3.13/site-packages/starlette/routing.py\", line 650, in not_found\n    raise HTTPException(status_code=404)\n", "starlette.exceptions.HTTPException: 404: Not Found\n", "\nDuring handling of the above exception, another exception occurred:\n\n", "Traceback (most recent call last):\n", "  File \"/Users/jimmylam/Documents/security/codebase_scanner/backend/src/middleware/error_handler.py\", line 68, in error_handler_middleware\n    return await call_next(request)\n                 ~~~~~~~~~^^^^^^^^^\n", "TypeError: 'HTTPException' object is not callable\n"]}}
{"timestamp": "2025-07-01T05:47:19.895295", "level": "WARNING", "logger": "src.middleware.error_handler", "message": "HTTP exception: Not Found", "module": "error_handler", "function": "http_exception_handler", "line": 196}
{"timestamp": "2025-07-01T05:48:54.274319", "level": "WARNING", "logger": "src.middleware.error_handler", "message": "HTTP exception: Not Found", "module": "error_handler", "function": "http_exception_handler", "line": 196}
{"timestamp": "2025-07-01T05:49:05.636300", "level": "WARNING", "logger": "src.middleware.error_handler", "message": "HTTP exception: Not Found", "module": "error_handler", "function": "http_exception_handler", "line": 196}
{"timestamp": "2025-07-01T05:51:34.290060", "level": "WARNING", "logger": "src.middleware.error_handler", "message": "HTTP exception: Not authenticated", "module": "error_handler", "function": "http_exception_handler", "line": 196}
{"timestamp": "2025-07-01T10:03:19.901820", "level": "INFO", "logger": "src.database", "message": "Creating Supabase client for URL: https://ylllkgxzrizqlsymkybh.supabase.co", "module": "database", "function": "get_supabase_client", "line": 39}
{"timestamp": "2025-07-01T10:03:19.902186", "level": "INFO", "logger": "src.database", "message": "Using service key: ***IDsJv4MClE", "module": "database", "function": "get_supabase_client", "line": 40}
{"timestamp": "2025-07-01T10:03:19.902532", "level": "WARNING", "logger": "src.database", "message": "Proxy parameter issue detected, trying workaround", "module": "database", "function": "get_supabase_client", "line": 48}
{"timestamp": "2025-07-01T10:03:19.902599", "level": "ERROR", "logger": "src.database", "message": "Failed to create Supabase client: TypeError: Client.__init__() got an unexpected keyword argument 'proxy'", "module": "database", "function": "get_supabase_client", "line": 62}
{"timestamp": "2025-07-01T10:06:35.623098", "level": "INFO", "logger": "src.database", "message": "Creating Supabase client for URL: https://ylllkgxzrizqlsymkybh.supabase.co", "module": "database", "function": "get_supabase_client", "line": 39}
{"timestamp": "2025-07-01T10:06:35.623426", "level": "INFO", "logger": "src.database", "message": "Using service key: ***IDsJv4MClE", "module": "database", "function": "get_supabase_client", "line": 40}
{"timestamp": "2025-07-01T10:06:35.624486", "level": "WARNING", "logger": "src.database", "message": "Standard client creation failed: Client.__init__() got an unexpected keyword argument 'proxy', trying fallback", "module": "database", "function": "get_supabase_client", "line": 49}
{"timestamp": "2025-07-01T10:06:35.624555", "level": "ERROR", "logger": "src.database", "message": "Fallback client creation also failed: Client.__init__() got an unexpected keyword argument 'proxy'", "module": "database", "function": "get_supabase_client", "line": 58}
{"timestamp": "2025-07-01T10:06:35.624770", "level": "ERROR", "logger": "src.database", "message": "Failed to create Supabase client: TypeError: Client.__init__() got an unexpected keyword argument 'proxy'", "module": "database", "function": "get_supabase_client", "line": 67}
{"timestamp": "2025-07-01T10:10:44.825677", "level": "INFO", "logger": "src.database", "message": "Creating Supabase client for URL: https://ylllkgxzrizqlsymkybh.supabase.co", "module": "database", "function": "get_supabase_client", "line": 39}
{"timestamp": "2025-07-01T10:10:44.827156", "level": "INFO", "logger": "src.database", "message": "Using service key: ***IDsJv4MClE", "module": "database", "function": "get_supabase_client", "line": 40}
{"timestamp": "2025-07-01T10:10:44.828146", "level": "WARNING", "logger": "src.database", "message": "Standard client creation failed: Client.__init__() got an unexpected keyword argument 'proxy', trying fallback", "module": "database", "function": "get_supabase_client", "line": 49}
{"timestamp": "2025-07-01T10:10:44.828201", "level": "ERROR", "logger": "src.database", "message": "Fallback client creation also failed: Client.__init__() got an unexpected keyword argument 'proxy'", "module": "database", "function": "get_supabase_client", "line": 58}
{"timestamp": "2025-07-01T10:10:44.828831", "level": "ERROR", "logger": "src.database", "message": "Failed to create Supabase client: TypeError: Client.__init__() got an unexpected keyword argument 'proxy'", "module": "database", "function": "get_supabase_client", "line": 67}
{"timestamp": "2025-07-01T10:13:19.901304", "level": "INFO", "logger": "src.database", "message": "Creating Supabase client for URL: https://ylllkgxzrizqlsymkybh.supabase.co", "module": "database", "function": "get_supabase_client", "line": 39}
{"timestamp": "2025-07-01T10:13:19.901601", "level": "INFO", "logger": "src.database", "message": "Using service key: ***IDsJv4MClE", "module": "database", "function": "get_supabase_client", "line": 40}
{"timestamp": "2025-07-01T10:13:19.901973", "level": "ERROR", "logger": "src.database", "message": "Failed to create Supabase client: TypeError: Client.__init__() got an unexpected keyword argument 'proxy'", "module": "database", "function": "get_supabase_client", "line": 50}
{"timestamp": "2025-07-01T10:15:25.317362", "level": "INFO", "logger": "src.database", "message": "Creating Supabase client for URL: https://ylllkgxzrizqlsymkybh.supabase.co", "module": "database", "function": "get_supabase_client", "line": 39}
{"timestamp": "2025-07-01T10:15:25.317718", "level": "INFO", "logger": "src.database", "message": "Using service key: ***IDsJv4MClE", "module": "database", "function": "get_supabase_client", "line": 40}
{"timestamp": "2025-07-01T10:15:25.318002", "level": "ERROR", "logger": "src.database", "message": "Failed to create Supabase client: TypeError: Client.__init__() got an unexpected keyword argument 'proxy'", "module": "database", "function": "get_supabase_client", "line": 50}
{"timestamp": "2025-07-01T10:50:06.518314", "level": "WARNING", "logger": "src.middleware.rate_limit", "message": "Rate limit exceeded for ip:127.0.0.1", "module": "rate_limit", "function": "__call__", "line": 134}
{"timestamp": "2025-07-01T10:51:43.718431", "level": "WARNING", "logger": "src.middleware.rate_limit", "message": "Rate limit exceeded for ip:127.0.0.1", "module": "rate_limit", "function": "__call__", "line": 134}
{"timestamp": "2025-07-01T11:01:01.219312", "level": "WARNING", "logger": "src.middleware.error_handler", "message": "HTTP exception: Method Not Allowed", "module": "error_handler", "function": "http_exception_handler", "line": 196}
{"timestamp": "2025-07-01T11:04:06.107718", "level": "WARNING", "logger": "src.middleware.error_handler", "message": "HTTP exception: Not authenticated", "module": "error_handler", "function": "http_exception_handler", "line": 196}
